[0.554s] DEBUG:colcon:Command line arguments: ['/usr/bin/colcon', 'build']
[0.554s] DEBUG:colcon:Parsed command line arguments: Namespace(log_base=None, log_level=None, verb_name='build', build_base='build', install_base='install', merge_install=False, symlink_install=False, test_result_base=None, continue_on_error=False, executor='parallel', parallel_workers=12, event_handlers=None, ignore_user_meta=False, metas=['./colcon.meta'], base_paths=['.'], packages_ignore=None, packages_ignore_regex=None, paths=None, packages_up_to=None, packages_up_to_regex=None, packages_above=None, packages_above_and_dependencies=None, packages_above_depth=None, packages_select_by_dep=None, packages_skip_by_dep=None, packages_skip_up_to=None, packages_select_build_failed=False, packages_skip_build_finished=False, packages_select_test_failures=False, packages_skip_test_passed=False, packages_select=None, packages_skip=None, packages_select_regex=None, packages_skip_regex=None, packages_start=None, packages_end=None, allow_overriding=[], cmake_args=None, cmake_target=None, cmake_target_skip_unavailable=False, cmake_clean_cache=False, cmake_clean_first=False, cmake_force_configure=False, ament_cmake_args=None, catkin_cmake_args=None, catkin_skip_building_tests=False, verb_parser=<colcon_defaults.argument_parser.defaults.DefaultArgumentsDecorator object at 0x7fda00597190>, verb_extension=<colcon_core.verb.build.BuildVerb object at 0x7fda005962c0>, main=<bound method BuildVerb.main of <colcon_core.verb.build.BuildVerb object at 0x7fda005962c0>>)
[0.583s] Level 1:colcon.colcon_core.package_discovery:discover_packages(colcon_meta) check parameters
[0.583s] Level 1:colcon.colcon_core.package_discovery:discover_packages(recursive) check parameters
[0.583s] Level 1:colcon.colcon_core.package_discovery:discover_packages(ignore) check parameters
[0.583s] Level 1:colcon.colcon_core.package_discovery:discover_packages(path) check parameters
[0.583s] Level 1:colcon.colcon_core.package_discovery:discover_packages(colcon_meta) discover
[0.583s] Level 1:colcon.colcon_core.package_discovery:discover_packages(recursive) discover
[0.583s] INFO:colcon.colcon_core.package_discovery:Crawling recursively for packages in '/root/ros2_ws/src/my_turtle'
[0.583s] Level 1:colcon.colcon_core.package_identification:_identify(.) by extensions ['ignore', 'ignore_ament_install']
[0.584s] Level 1:colcon.colcon_core.package_identification:_identify(.) by extension 'ignore'
[0.584s] Level 1:colcon.colcon_core.package_identification:_identify(.) by extension 'ignore_ament_install'
[0.584s] Level 1:colcon.colcon_core.package_identification:_identify(.) by extensions ['colcon_pkg']
[0.584s] Level 1:colcon.colcon_core.package_identification:_identify(.) by extension 'colcon_pkg'
[0.584s] Level 1:colcon.colcon_core.package_identification:_identify(.) by extensions ['colcon_meta']
[0.584s] Level 1:colcon.colcon_core.package_identification:_identify(.) by extension 'colcon_meta'
[0.584s] Level 1:colcon.colcon_core.package_identification:_identify(.) by extensions ['ros']
[0.584s] Level 1:colcon.colcon_core.package_identification:_identify(.) by extension 'ros'
[0.593s] DEBUG:colcon.colcon_core.package_identification:Package '.' with type 'ros.ament_python' and name 'my_turtle'
[0.593s] Level 1:colcon.colcon_core.package_discovery:discover_packages(recursive) using defaults
[0.593s] Level 1:colcon.colcon_core.package_discovery:discover_packages(ignore) discover
[0.593s] Level 1:colcon.colcon_core.package_discovery:discover_packages(ignore) using defaults
[0.593s] Level 1:colcon.colcon_core.package_discovery:discover_packages(path) discover
[0.593s] Level 1:colcon.colcon_core.package_discovery:discover_packages(path) using defaults
[0.645s] Level 1:colcon.colcon_core.package_discovery:discover_packages(prefix_path) check parameters
[0.645s] Level 1:colcon.colcon_core.package_discovery:discover_packages(prefix_path) discover
[0.662s] DEBUG:colcon.colcon_installed_package_information.package_discovery:Found 339 installed packages in /opt/ros/humble
[0.663s] Level 1:colcon.colcon_core.package_discovery:discover_packages(prefix_path) using defaults
[0.731s] Level 5:colcon.colcon_core.verb:set package 'my_turtle' build argument 'cmake_args' from command line to 'None'
[0.731s] Level 5:colcon.colcon_core.verb:set package 'my_turtle' build argument 'cmake_target' from command line to 'None'
[0.731s] Level 5:colcon.colcon_core.verb:set package 'my_turtle' build argument 'cmake_target_skip_unavailable' from command line to 'False'
[0.731s] Level 5:colcon.colcon_core.verb:set package 'my_turtle' build argument 'cmake_clean_cache' from command line to 'False'
[0.731s] Level 5:colcon.colcon_core.verb:set package 'my_turtle' build argument 'cmake_clean_first' from command line to 'False'
[0.731s] Level 5:colcon.colcon_core.verb:set package 'my_turtle' build argument 'cmake_force_configure' from command line to 'False'
[0.731s] Level 5:colcon.colcon_core.verb:set package 'my_turtle' build argument 'ament_cmake_args' from command line to 'None'
[0.731s] Level 5:colcon.colcon_core.verb:set package 'my_turtle' build argument 'catkin_cmake_args' from command line to 'None'
[0.731s] Level 5:colcon.colcon_core.verb:set package 'my_turtle' build argument 'catkin_skip_building_tests' from command line to 'False'
[0.731s] DEBUG:colcon.colcon_core.verb:Building package 'my_turtle' with the following arguments: {'ament_cmake_args': None, 'build_base': '/root/ros2_ws/src/my_turtle/build/my_turtle', 'catkin_cmake_args': None, 'catkin_skip_building_tests': False, 'cmake_args': None, 'cmake_clean_cache': False, 'cmake_clean_first': False, 'cmake_force_configure': False, 'cmake_target': None, 'cmake_target_skip_unavailable': False, 'install_base': '/root/ros2_ws/src/my_turtle/install/my_turtle', 'merge_install': False, 'path': '/root/ros2_ws/src/my_turtle', 'symlink_install': False, 'test_result_base': None}
[0.739s] INFO:colcon.colcon_core.executor:Executing jobs using 'parallel' executor
[0.748s] DEBUG:colcon.colcon_parallel_executor.executor.parallel:run_until_complete
[0.748s] INFO:colcon.colcon_ros.task.ament_python.build:Building ROS package in '/root/ros2_ws/src/my_turtle' with build type 'ament_python'
[0.748s] Level 1:colcon.colcon_core.shell:create_environment_hook('my_turtle', 'ament_prefix_path')
[0.758s] INFO:colcon.colcon_core.plugin_system:Skipping extension 'colcon_core.shell.bat': Not used on non-Windows systems
[0.758s] INFO:colcon.colcon_core.shell:Creating environment hook '/root/ros2_ws/src/my_turtle/install/my_turtle/share/my_turtle/hook/ament_prefix_path.ps1'
[0.760s] INFO:colcon.colcon_core.shell:Creating environment descriptor '/root/ros2_ws/src/my_turtle/install/my_turtle/share/my_turtle/hook/ament_prefix_path.dsv'
[0.760s] INFO:colcon.colcon_core.shell:Creating environment hook '/root/ros2_ws/src/my_turtle/install/my_turtle/share/my_turtle/hook/ament_prefix_path.sh'
[0.771s] INFO:colcon.colcon_core.shell:Skip shell extension 'powershell' for command environment: Not usable outside of PowerShell
[0.771s] DEBUG:colcon.colcon_core.shell:Skip shell extension 'dsv' for command environment
[0.958s] INFO:colcon.colcon_core.task.python.build:Building Python package in '/root/ros2_ws/src/my_turtle'
[0.971s] INFO:colcon.colcon_core.shell:Skip shell extension 'powershell' for command environment: Not usable outside of PowerShell
[0.971s] DEBUG:colcon.colcon_core.shell:Skip shell extension 'dsv' for command environment
[1.230s] DEBUG:colcon.colcon_core.event_handler.log_command:Invoking command in '/root/ros2_ws/src/my_turtle': PYTHONPATH=/root/ros2_ws/src/my_turtle/build/my_turtle/prefix_override:/root/ros2_ws/src/my_turtle/install/my_turtle/lib/python3.10/site-packages:${PYTHONPATH} /usr/bin/python3 setup.py egg_info --egg-base build/my_turtle build --build-base /root/ros2_ws/src/my_turtle/build/my_turtle/build install --record /root/ros2_ws/src/my_turtle/build/my_turtle/install.log --single-version-externally-managed
[1.437s] DEBUG:colcon.colcon_core.event_handler.log_command:Invoked command in '/root/ros2_ws/src/my_turtle' returned '0': PYTHONPATH=/root/ros2_ws/src/my_turtle/build/my_turtle/prefix_override:/root/ros2_ws/src/my_turtle/install/my_turtle/lib/python3.10/site-packages:${PYTHONPATH} /usr/bin/python3 setup.py egg_info --egg-base build/my_turtle build --build-base /root/ros2_ws/src/my_turtle/build/my_turtle/build install --record /root/ros2_ws/src/my_turtle/build/my_turtle/install.log --single-version-externally-managed
[1.447s] Level 1:colcon.colcon_core.environment:checking '/root/ros2_ws/src/my_turtle/install/my_turtle' for CMake module files
[1.448s] Level 1:colcon.colcon_core.environment:checking '/root/ros2_ws/src/my_turtle/install/my_turtle' for CMake config files
[1.448s] Level 1:colcon.colcon_core.environment:checking '/root/ros2_ws/src/my_turtle/install/my_turtle/lib'
[1.448s] Level 1:colcon.colcon_core.environment:checking '/root/ros2_ws/src/my_turtle/install/my_turtle/bin'
[1.448s] Level 1:colcon.colcon_core.environment:checking '/root/ros2_ws/src/my_turtle/install/my_turtle/lib/pkgconfig/my_turtle.pc'
[1.448s] Level 1:colcon.colcon_core.environment:checking '/root/ros2_ws/src/my_turtle/install/my_turtle/lib/python3.10/site-packages'
[1.448s] Level 1:colcon.colcon_core.shell:create_environment_hook('my_turtle', 'pythonpath')
[1.457s] INFO:colcon.colcon_core.shell:Creating environment hook '/root/ros2_ws/src/my_turtle/install/my_turtle/share/my_turtle/hook/pythonpath.ps1'
[1.457s] INFO:colcon.colcon_core.shell:Creating environment descriptor '/root/ros2_ws/src/my_turtle/install/my_turtle/share/my_turtle/hook/pythonpath.dsv'
[1.457s] INFO:colcon.colcon_core.shell:Creating environment hook '/root/ros2_ws/src/my_turtle/install/my_turtle/share/my_turtle/hook/pythonpath.sh'
[1.458s] Level 1:colcon.colcon_core.environment:checking '/root/ros2_ws/src/my_turtle/install/my_turtle/bin'
[1.458s] Level 1:colcon.colcon_core.environment:create_environment_scripts_only(my_turtle)
[1.468s] INFO:colcon.colcon_core.shell:Creating package script '/root/ros2_ws/src/my_turtle/install/my_turtle/share/my_turtle/package.ps1'
[1.468s] INFO:colcon.colcon_core.shell:Creating package descriptor '/root/ros2_ws/src/my_turtle/install/my_turtle/share/my_turtle/package.dsv'
[1.469s] INFO:colcon.colcon_core.shell:Creating package script '/root/ros2_ws/src/my_turtle/install/my_turtle/share/my_turtle/package.sh'
[1.469s] INFO:colcon.colcon_core.shell:Creating package script '/root/ros2_ws/src/my_turtle/install/my_turtle/share/my_turtle/package.bash'
[1.470s] INFO:colcon.colcon_core.shell:Creating package script '/root/ros2_ws/src/my_turtle/install/my_turtle/share/my_turtle/package.zsh'
[1.470s] Level 1:colcon.colcon_core.environment:create_file_with_runtime_dependencies(/root/ros2_ws/src/my_turtle/install/my_turtle/share/colcon-core/packages/my_turtle)
[1.471s] DEBUG:colcon.colcon_parallel_executor.executor.parallel:closing loop
[1.471s] DEBUG:colcon.colcon_parallel_executor.executor.parallel:loop closed
[1.471s] DEBUG:colcon.colcon_parallel_executor.executor.parallel:run_until_complete finished with '0'
[1.471s] DEBUG:colcon.colcon_core.event_reactor:joining thread
[1.486s] INFO:colcon.colcon_core.plugin_system:Skipping extension 'colcon_notification.desktop_notification.notify_send': Could not find 'notify-send'
[1.487s] INFO:colcon.colcon_core.plugin_system:Skipping extension 'colcon_notification.desktop_notification.terminal_notifier': Not used on non-Darwin systems
[1.488s] INFO:colcon.colcon_core.plugin_system:Skipping extension 'colcon_notification.desktop_notification.win32': Not used on non-Windows systems
[1.488s] INFO:colcon.colcon_notification.desktop_notification:Sending desktop notification using 'notify2'
[1.492s] DEBUG:colcon.colcon_notification.desktop_notification.notify2:Failed to initialize notify2: org.freedesktop.DBus.Error.Spawn.ExecFailed: /usr/bin/dbus-launch terminated abnormally without any error message
[1.493s] DEBUG:colcon.colcon_core.event_reactor:joined thread
[1.503s] INFO:colcon.colcon_core.shell:Creating prefix script '/root/ros2_ws/src/my_turtle/install/local_setup.ps1'
[1.504s] INFO:colcon.colcon_core.shell:Creating prefix util module '/root/ros2_ws/src/my_turtle/install/_local_setup_util_ps1.py'
[1.505s] INFO:colcon.colcon_core.shell:Creating prefix chain script '/root/ros2_ws/src/my_turtle/install/setup.ps1'
[1.515s] INFO:colcon.colcon_core.shell:Creating prefix script '/root/ros2_ws/src/my_turtle/install/local_setup.sh'
[1.515s] INFO:colcon.colcon_core.shell:Creating prefix util module '/root/ros2_ws/src/my_turtle/install/_local_setup_util_sh.py'
[1.516s] INFO:colcon.colcon_core.shell:Creating prefix chain script '/root/ros2_ws/src/my_turtle/install/setup.sh'
[1.524s] INFO:colcon.colcon_core.shell:Creating prefix script '/root/ros2_ws/src/my_turtle/install/local_setup.bash'
[1.525s] INFO:colcon.colcon_core.shell:Creating prefix chain script '/root/ros2_ws/src/my_turtle/install/setup.bash'
[1.534s] INFO:colcon.colcon_core.shell:Creating prefix script '/root/ros2_ws/src/my_turtle/install/local_setup.zsh'
[1.534s] INFO:colcon.colcon_core.shell:Creating prefix chain script '/root/ros2_ws/src/my_turtle/install/setup.zsh'
