running egg_info
creating build/my_turtle/my_turtle.egg-info
writing build/my_turtle/my_turtle.egg-info/PKG-INFO
writing dependency_links to build/my_turtle/my_turtle.egg-info/dependency_links.txt
writing entry points to build/my_turtle/my_turtle.egg-info/entry_points.txt
writing requirements to build/my_turtle/my_turtle.egg-info/requires.txt
writing top-level names to build/my_turtle/my_turtle.egg-info/top_level.txt
writing manifest file 'build/my_turtle/my_turtle.egg-info/SOURCES.txt'
reading manifest file 'build/my_turtle/my_turtle.egg-info/SOURCES.txt'
writing manifest file 'build/my_turtle/my_turtle.egg-info/SOURCES.txt'
running build
running build_py
creating /root/ros2_ws/src/my_turtle/build/my_turtle/build
creating /root/ros2_ws/src/my_turtle/build/my_turtle/build/lib
creating /root/ros2_ws/src/my_turtle/build/my_turtle/build/lib/my_turtle
copying my_turtle/__init__.py -> /root/ros2_ws/src/my_turtle/build/my_turtle/build/lib/my_turtle
copying my_turtle/my_turtle_controll.py -> /root/ros2_ws/src/my_turtle/build/my_turtle/build/lib/my_turtle
running install
running install_lib
creating /root/ros2_ws/src/my_turtle/install/my_turtle/lib/python3.10/site-packages/my_turtle
copying /root/ros2_ws/src/my_turtle/build/my_turtle/build/lib/my_turtle/__init__.py -> /root/ros2_ws/src/my_turtle/install/my_turtle/lib/python3.10/site-packages/my_turtle
copying /root/ros2_ws/src/my_turtle/build/my_turtle/build/lib/my_turtle/my_turtle_controll.py -> /root/ros2_ws/src/my_turtle/install/my_turtle/lib/python3.10/site-packages/my_turtle
byte-compiling /root/ros2_ws/src/my_turtle/install/my_turtle/lib/python3.10/site-packages/my_turtle/__init__.py to __init__.cpython-310.pyc
byte-compiling /root/ros2_ws/src/my_turtle/install/my_turtle/lib/python3.10/site-packages/my_turtle/my_turtle_controll.py to my_turtle_controll.cpython-310.pyc
running install_data
creating /root/ros2_ws/src/my_turtle/install/my_turtle/share/ament_index
creating /root/ros2_ws/src/my_turtle/install/my_turtle/share/ament_index/resource_index
creating /root/ros2_ws/src/my_turtle/install/my_turtle/share/ament_index/resource_index/packages
copying resource/my_turtle -> /root/ros2_ws/src/my_turtle/install/my_turtle/share/ament_index/resource_index/packages
copying package.xml -> /root/ros2_ws/src/my_turtle/install/my_turtle/share/my_turtle
running install_egg_info
Copying build/my_turtle/my_turtle.egg-info to /root/ros2_ws/src/my_turtle/install/my_turtle/lib/python3.10/site-packages/my_turtle-0.0.0-py3.10.egg-info
running install_scripts
Installing controller script to /root/ros2_ws/src/my_turtle/install/my_turtle/lib/my_turtle
writing list of installed files to '/root/ros2_ws/src/my_turtle/build/my_turtle/install.log'
