running egg_info
writing build/my_turtle/my_turtle.egg-info/PKG-INFO
writing dependency_links to build/my_turtle/my_turtle.egg-info/dependency_links.txt
writing entry points to build/my_turtle/my_turtle.egg-info/entry_points.txt
writing requirements to build/my_turtle/my_turtle.egg-info/requires.txt
writing top-level names to build/my_turtle/my_turtle.egg-info/top_level.txt
reading manifest file 'build/my_turtle/my_turtle.egg-info/SOURCES.txt'
writing manifest file 'build/my_turtle/my_turtle.egg-info/SOURCES.txt'
running build
running build_py
running install
/usr/lib/python3/dist-packages/setuptools/command/install.py:34: SetuptoolsDeprecationWarning: setup.py install is deprecated. Use build and pip and other standards-based tools.
  warnings.warn(
running install_lib
running install_data
running install_egg_info
removing '/root/ros2_ws/src/my_turtle/install/my_turtle/lib/python3.10/site-packages/my_turtle-0.0.0-py3.10.egg-info' (and everything under it)
Copying build/my_turtle/my_turtle.egg-info to /root/ros2_ws/src/my_turtle/install/my_turtle/lib/python3.10/site-packages/my_turtle-0.0.0-py3.10.egg-info
running install_scripts
Installing controller script to /root/ros2_ws/src/my_turtle/install/my_turtle/lib/my_turtle
writing list of installed files to '/root/ros2_ws/src/my_turtle/build/my_turtle/install.log'
