[0.481s] Invoking command in '/root/ros2_ws/src/my_turtle': PYTHONPATH=/root/ros2_ws/src/my_turtle/build/my_turtle/prefix_override:/root/ros2_ws/src/my_turtle/install/my_turtle/lib/python3.10/site-packages:${PYTHONPATH} /usr/bin/python3 setup.py egg_info --egg-base build/my_turtle build --build-base /root/ros2_ws/src/my_turtle/build/my_turtle/build install --record /root/ros2_ws/src/my_turtle/build/my_turtle/install.log --single-version-externally-managed
[0.645s] running egg_info
[0.646s] writing build/my_turtle/my_turtle.egg-info/PKG-INFO
[0.646s] writing dependency_links to build/my_turtle/my_turtle.egg-info/dependency_links.txt
[0.646s] writing entry points to build/my_turtle/my_turtle.egg-info/entry_points.txt
[0.646s] writing requirements to build/my_turtle/my_turtle.egg-info/requires.txt
[0.646s] writing top-level names to build/my_turtle/my_turtle.egg-info/top_level.txt
[0.648s] reading manifest file 'build/my_turtle/my_turtle.egg-info/SOURCES.txt'
[0.648s] writing manifest file 'build/my_turtle/my_turtle.egg-info/SOURCES.txt'
[0.648s] running build
[0.648s] running build_py
[0.649s] running install
[0.649s] /usr/lib/python3/dist-packages/setuptools/command/install.py:34: SetuptoolsDeprecationWarning: setup.py install is deprecated. Use build and pip and other standards-based tools.
[0.649s]   warnings.warn(
[0.649s] running install_lib
[0.650s] running install_data
[0.650s] running install_egg_info
[0.651s] removing '/root/ros2_ws/src/my_turtle/install/my_turtle/lib/python3.10/site-packages/my_turtle-0.0.0-py3.10.egg-info' (and everything under it)
[0.651s] Copying build/my_turtle/my_turtle.egg-info to /root/ros2_ws/src/my_turtle/install/my_turtle/lib/python3.10/site-packages/my_turtle-0.0.0-py3.10.egg-info
[0.652s] running install_scripts
[0.669s] Installing controller script to /root/ros2_ws/src/my_turtle/install/my_turtle/lib/my_turtle
[0.669s] writing list of installed files to '/root/ros2_ws/src/my_turtle/build/my_turtle/install.log'
[0.688s] Invoked command in '/root/ros2_ws/src/my_turtle' returned '0': PYTHONPATH=/root/ros2_ws/src/my_turtle/build/my_turtle/prefix_override:/root/ros2_ws/src/my_turtle/install/my_turtle/lib/python3.10/site-packages:${PYTHONPATH} /usr/bin/python3 setup.py egg_info --egg-base build/my_turtle build --build-base /root/ros2_ws/src/my_turtle/build/my_turtle/build install --record /root/ros2_ws/src/my_turtle/build/my_turtle/install.log --single-version-externally-managed
